<?xml version="1.0" encoding="UTF-8"?>
<!-- Generated by org.testng.reporters.JUnitReportReporter -->
<testsuite hostname="PRATIK" failures="0" tests="2" name="seleniumFrameworkDesign.testCases.ErrorValidationsCopy" time="26.248" errors="0" timestamp="2022-12-04T11:15:36 IST" skipped="0">
  <testcase classname="seleniumFrameworkDesign.testCases.ErrorValidationsCopy" name="loginErrorValidation" time="9.129"/>
  <system-out/>
  <testcase classname="seleniumFrameworkDesign.testCases.ErrorValidationsCopy" name="productErrorValidation" time="17.119"/>
  <system-out/>
</testsuite> <!-- seleniumFrameworkDesign.testCases.ErrorValidationsCopy -->
