<?xml version="1.0" encoding="UTF-8"?>
<!-- Generated by org.testng.reporters.JUnitReportReporter -->
<testsuite hostname="PRATIK" failures="0" tests="2" name="seleniumFrameworkDesign.testCases.ErrorValidations" time="81.304" errors="0" timestamp="2023-02-09T17:29:38 IST" skipped="0">
  <testcase classname="seleniumFrameworkDesign.testCases.ErrorValidations" name="productErrorValidation" time="58.178"/>
  <system-out/>
  <testcase classname="seleniumFrameworkDesign.testCases.ErrorValidations" name="loginErrorValidation" time="23.126"/>
  <system-out/>
</testsuite> <!-- seleniumFrameworkDesign.testCases.ErrorValidations -->
