<?xml version="1.0" encoding="UTF-8"?>
<!-- Generated by org.testng.reporters.JUnitReportReporter -->
<testsuite hostname="PRATIK" failures="0" tests="2" name="seleniumFrameworkDesign.testCases.ErrorValidationsCopy" time="29.615" errors="0" timestamp="2023-02-07T21:20:37 IST" skipped="0">
  <testcase classname="seleniumFrameworkDesign.testCases.ErrorValidationsCopy" name="loginErrorValidation" time="10.603"/>
  <system-out/>
  <testcase classname="seleniumFrameworkDesign.testCases.ErrorValidationsCopy" name="productErrorValidation" time="19.012"/>
  <system-out/>
</testsuite> <!-- seleniumFrameworkDesign.testCases.ErrorValidationsCopy -->
