<?xml version="1.0" encoding="UTF-8"?>
<!-- Generated by org.testng.reporters.JUnitReportReporter -->
<testsuite hostname="PRATIK" failures="0" tests="1" name="seleniumFrameworkDesign.testCases.ModifiedStandaloneTest" time="13.678" errors="0" timestamp="2022-12-04T11:15:36 IST" skipped="0">
  <testcase classname="seleniumFrameworkDesign.testCases.ModifiedStandaloneTest" name="submitOrderTest" time="13.678"/>
  <system-out/>
</testsuite> <!-- seleniumFrameworkDesign.testCases.ModifiedStandaloneTest -->
