<?xml version="1.0" encoding="UTF-8"?>
<!-- Generated by org.testng.reporters.JUnitReportReporter -->
<testsuite hostname="PRATIK" failures="0" tests="2" name="seleniumFrameworkDesign.testCases.ErrorValidations" time="26.976" errors="0" timestamp="2022-12-04T11:15:36 IST" skipped="0">
  <testcase classname="seleniumFrameworkDesign.testCases.ErrorValidations" name="loginErrorValidation" time="9.388"/>
  <system-out/>
  <testcase classname="seleniumFrameworkDesign.testCases.ErrorValidations" name="productErrorValidation" time="17.588"/>
  <system-out/>
</testsuite> <!-- seleniumFrameworkDesign.testCases.ErrorValidations -->
