<?xml version="1.0" encoding="UTF-8"?>
<!-- Generated by org.testng.reporters.JUnitReportReporter -->
<testsuite hostname="PRATIK" failures="0" tests="1" name="cucumber.TestNGTestRunner" time="20.973" errors="0" timestamp="2023-02-10T22:24:39 IST" skipped="0">
  <testcase classname="cucumber.TestNGTestRunner" name="runScenario" time="20.973"/>
  <system-out/>
</testsuite> <!-- cucumber.TestNGTestRunner -->
