<?xml version="1.0" encoding="UTF-8"?>
<!-- Generated by org.testng.reporters.JUnitReportReporter -->
<testsuite hostname="PRATIK" failures="0" tests="2" name="seleniumFrameworkDesign.testCases.SubmitOrderTest" time="61.275" errors="0" timestamp="2022-11-28T07:18:17 IST" skipped="0">
  <testcase classname="seleniumFrameworkDesign.testCases.SubmitOrderTest" name="verifyOrdersTest" time="26.107"/>
  <system-out/>
  <testcase classname="seleniumFrameworkDesign.testCases.SubmitOrderTest" name="submitOrderTest" time="35.168"/>
  <system-out/>
</testsuite> <!-- seleniumFrameworkDesign.testCases.SubmitOrderTest -->
