<?xml version="1.0" encoding="UTF-8"?>
<!-- Generated by org.testng.reporters.JUnitReportReporter -->
<testsuite hostname="PRATIK" failures="0" tests="2" name="seleniumFrameworkDesign.testCases.ModifiedStandaloneTest" time="37.567" errors="0" timestamp="2023-02-07T21:20:37 IST" skipped="0">
  <testcase classname="seleniumFrameworkDesign.testCases.ModifiedStandaloneTest" name="verifyOrdersTest" time="12.870"/>
  <system-out/>
  <testcase classname="seleniumFrameworkDesign.testCases.ModifiedStandaloneTest" name="submitOrderTest" time="24.697"/>
  <system-out/>
</testsuite> <!-- seleniumFrameworkDesign.testCases.ModifiedStandaloneTest -->
