<?xml version="1.0" encoding="UTF-8"?>
<!-- Generated by org.testng.reporters.JUnitReportReporter -->
<testsuite hostname="PRATIK" failures="0" tests="2" name="seleniumFrameworkDesign.testCases.ErrorValidations" time="31.771" errors="0" timestamp="2023-02-09T17:36:22 IST" skipped="0">
  <testcase classname="seleniumFrameworkDesign.testCases.ErrorValidations" name="productErrorValidation" time="23.714"/>
  <system-out/>
  <testcase classname="seleniumFrameworkDesign.testCases.ErrorValidations" name="loginErrorValidation" time="8.057"/>
  <system-out/>
</testsuite> <!-- seleniumFrameworkDesign.testCases.ErrorValidations -->
