<?xml version="1.0" encoding="UTF-8"?>
<!-- Generated by org.testng.reporters.JUnitReportReporter -->
<testsuite hostname="PRATIK" failures="0" tests="1" name="seleniumFrameworkDesign.testCases.ModifiedStandaloneTest" time="14.496" errors="0" timestamp="2022-12-01T21:55:36 IST" skipped="0">
  <testcase classname="seleniumFrameworkDesign.testCases.ModifiedStandaloneTest" name="submitOrderTest" time="14.496"/>
  <system-out/>
</testsuite> <!-- seleniumFrameworkDesign.testCases.ModifiedStandaloneTest -->
