<?xml version="1.0" encoding="UTF-8"?>
<!-- Generated by org.testng.reporters.JUnitReportReporter -->
<testsuite hostname="PRATIK" failures="0" tests="2" name="seleniumFrameworkDesign.testCases.ErrorValidations" time="17.758" errors="0" timestamp="2022-12-01T21:55:36 IST" skipped="0">
  <testcase classname="seleniumFrameworkDesign.testCases.ErrorValidations" name="productErrorValidation" time="11.486"/>
  <system-out/>
  <testcase classname="seleniumFrameworkDesign.testCases.ErrorValidations" name="loginErrorValidation" time="6.272"/>
  <system-out/>
</testsuite> <!-- seleniumFrameworkDesign.testCases.ErrorValidations -->
